<?xml version="1.0" encoding="UTF-8"?>
<!-- Generated by org.testng.reporters.JUnitReportReporter -->
<testsuite hostname="Z1-471" failures="0" tests="3" name="com.sgtesting.tests.Users" time="0.029" errors="0" timestamp="2023-04-07T08:08:22 IST" skipped="0">
  <testcase classname="com.sgtesting.tests.Users" name="method2" time="0.002"/>
  <system-out/>
  <testcase classname="com.sgtesting.tests.Users" name="method3" time="0.005"/>
  <system-out/>
  <testcase classname="com.sgtesting.tests.Users" name="method1" time="0.022"/>
  <system-out/>
</testsuite> <!-- com.sgtesting.tests.Users -->
