<?xml version="1.0" encoding="UTF-8"?>
<!-- Generated by org.testng.reporters.JUnitReportReporter -->
<testsuite hostname="Z1-471" failures="0" tests="3" name="com.sgtesting.tests.Users" time="0.035" errors="0" timestamp="2023-04-06T09:18:48 IST" skipped="0">
  <testcase classname="com.sgtesting.tests.Users" name="method3" time="0.004"/>
  <system-out/>
  <testcase classname="com.sgtesting.tests.Users" name="method2" time="0.015"/>
  <system-out/>
  <testcase classname="com.sgtesting.tests.Users" name="method1" time="0.016"/>
  <system-out/>
</testsuite> <!-- com.sgtesting.tests.Users -->
